生成启动时间为 2015/7/30 9:51:34。
     1>项目“C:\Users\Administrator\Downloads\CH-HCNetSDK(Windows32)V5.1.1.3\CH-HCNetSDK(Windows32)V5.1.1.3\Demo示例\2- MFC分功能示例\1- 实时预览&抓图&云台控制\RealPlay.vcxproj”在节点 2 上(Rebuild 个目标)。
     1>ClCompile:
         D:\Program Files (x86)\Microsoft Visual Studio 11.0\VC\bin\x86_amd64\CL.exe /c /I"../../../头文件/" /Zi /nologo /W3 /WX- /Od /D WIN32 /D _DEBUG /D _WINDOWS /D _VC80_UPGRADE=0x0600 /D _AFXDLL /Gm- /EHsc /RTC1 /MDd /GS /Gy- /fp:precise /Zc:wchar_t /Zc:forScope /Yc"stdafx.h" /Fp".\Debug\RealPlay.pch" /Fo".\Debug\\" /Fd".\Debug\vc110.pdb" /Gd /TP /errorReport:prompt StdAfx.cpp
         StdAfx.cpp
         _WIN32_WINNT not defined. Defaulting to _WIN32_WINNT_MAXVER (see WinSDKVer.h)
         D:\Program Files (x86)\Microsoft Visual Studio 11.0\VC\bin\x86_amd64\CL.exe /c /I"../../../头文件/" /Zi /nologo /W3 /WX- /Od /D WIN32 /D _DEBUG /D _WINDOWS /D _VC80_UPGRADE=0x0600 /D _AFXDLL /Gm- /EHsc /RTC1 /MDd /GS /Gy- /fp:precise /Zc:wchar_t /Zc:forScope /Yu"stdafx.h" /Fp".\Debug\RealPlay.pch" /Fo".\Debug\\" /Fd".\Debug\vc110.pdb" /Gd /TP /errorReport:prompt DlgPTZCruise.cpp PTZButton.cpp RealPlay.cpp RealPlayDlg.cpp
         DlgPTZCruise.cpp
         PTZButton.cpp
         RealPlay.cpp
     1>RealPlay.cpp(56): warning C4996: 'CWinApp::Enable3dControls': CWinApp::Enable3dControls is no longer needed. You should remove this call.
                 D:\Program Files (x86)\Microsoft Visual Studio 11.0\VC\atlmfc\include\afxwin.h(5361) : 参见“CWinApp::Enable3dControls”的声明
     1>RealPlay.cpp(66): warning C4244: “初始化”: 从“INT_PTR”转换到“int”，可能丢失数据
         RealPlayDlg.cpp
     1>RealPlayDlg.cpp(356): warning C4996: 'sprintf': This function or variable may be unsafe. Consider using sprintf_s instead. To disable deprecation, use _CRT_SECURE_NO_WARNINGS. See online help for details.
                 D:\Program Files (x86)\Microsoft Visual Studio 11.0\VC\include\stdio.h(357) : 参见“sprintf”的声明
     1>RealPlayDlg.cpp(365): warning C4996: 'sprintf': This function or variable may be unsafe. Consider using sprintf_s instead. To disable deprecation, use _CRT_SECURE_NO_WARNINGS. See online help for details.
                 D:\Program Files (x86)\Microsoft Visual Studio 11.0\VC\include\stdio.h(357) : 参见“sprintf”的声明
     1>RealPlayDlg.cpp(375): warning C4996: 'sprintf': This function or variable may be unsafe. Consider using sprintf_s instead. To disable deprecation, use _CRT_SECURE_NO_WARNINGS. See online help for details.
                 D:\Program Files (x86)\Microsoft Visual Studio 11.0\VC\include\stdio.h(357) : 参见“sprintf”的声明
     1>RealPlayDlg.cpp(391): warning C4996: 'sprintf': This function or variable may be unsafe. Consider using sprintf_s instead. To disable deprecation, use _CRT_SECURE_NO_WARNINGS. See online help for details.
                 D:\Program Files (x86)\Microsoft Visual Studio 11.0\VC\include\stdio.h(357) : 参见“sprintf”的声明
     1>RealPlayDlg.cpp(402): warning C4996: 'sprintf': This function or variable may be unsafe. Consider using sprintf_s instead. To disable deprecation, use _CRT_SECURE_NO_WARNINGS. See online help for details.
                 D:\Program Files (x86)\Microsoft Visual Studio 11.0\VC\include\stdio.h(357) : 参见“sprintf”的声明
     1>RealPlayDlg.cpp(452): warning C4244: “初始化”: 从“DWORD_PTR”转换到“DWORD”，可能丢失数据
     1>RealPlayDlg.cpp(563): warning C4244: “初始化”: 从“DWORD_PTR”转换到“DWORD”，可能丢失数据
     1>RealPlayDlg.cpp(659): warning C4996: 'sprintf': This function or variable may be unsafe. Consider using sprintf_s instead. To disable deprecation, use _CRT_SECURE_NO_WARNINGS. See online help for details.
                 D:\Program Files (x86)\Microsoft Visual Studio 11.0\VC\include\stdio.h(357) : 参见“sprintf”的声明
     1>RealPlayDlg.cpp(711): warning C4996: 'sprintf': This function or variable may be unsafe. Consider using sprintf_s instead. To disable deprecation, use _CRT_SECURE_NO_WARNINGS. See online help for details.
                 D:\Program Files (x86)\Microsoft Visual Studio 11.0\VC\include\stdio.h(357) : 参见“sprintf”的声明
     1>RealPlayDlg.cpp(722): warning C4996: 'sprintf': This function or variable may be unsafe. Consider using sprintf_s instead. To disable deprecation, use _CRT_SECURE_NO_WARNINGS. See online help for details.
                 D:\Program Files (x86)\Microsoft Visual Studio 11.0\VC\include\stdio.h(357) : 参见“sprintf”的声明
         正在生成代码...
       ResourceCompile:
         C:\Program Files (x86)\Windows Kits\8.0\bin\x86\rc.exe /D _DEBUG /D _VC80_UPGRADE=0x0600 /D _AFXDLL /l"0x0804" /nologo /fo"x64\Debug\RealPlay.res" RealPlay.rc 
     1>C:\Program Files (x86)\MSBuild\Microsoft.Cpp\v4.0\V110\Microsoft.CppBuild.targets(1137,5): warning MSB8012: TargetPath(C:\Users\Administrator\Downloads\CH-HCNetSDK(Windows32)V5.1.1.3\CH-HCNetSDK(Windows32)V5.1.1.3\Demo示例\2- MFC分功能示例\1- 实时预览&抓图&云台控制\x64\Debug\RealPlay.exe) does not match the Linker's OutputFile property value (C:\Users\Administrator\Downloads\CH-HCNetSDK(Windows32)V5.1.1.3\CH-HCNetSDK(Windows32)V5.1.1.3\Demo示例\2- MFC分功能示例\1- 实时预览&抓图&云台控制\bin\RealPlay.exe). This may cause your project to build incorrectly. To correct this, please make sure that $(OutDir), $(TargetName) and $(TargetExt) property values match the value specified in %(Link.OutputFile).
       Link:
         D:\Program Files (x86)\Microsoft Visual Studio 11.0\VC\bin\x86_amd64\link.exe /ERRORREPORT:PROMPT /OUT:"bin/RealPlay.exe" /INCREMENTAL /NOLOGO /LIBPATH:"../../../库文件/" HCNetSDK.lib ws2_32.lib /MANIFEST /MANIFESTUAC:"level='asInvoker' uiAccess='false'" /manifest:embed /manifestinput:"D:\Program Files (x86)\Microsoft Visual Studio 11.0\VC\Include\Manifest\dpiaware.manifest" /DEBUG /PDB:"C:\Users\Administrator\Downloads\CH-HCNetSDK(Windows32)V5.1.1.3\CH-HCNetSDK(Windows32)V5.1.1.3\Demo示例\2- MFC分功能示例\1- 实时预览&抓图&云台控制\x64\Debug\RealPlay.pdb" /SUBSYSTEM:WINDOWS /TLBID:1 /DYNAMICBASE /NXCOMPAT /IMPLIB:"C:\Users\Administrator\Downloads\CH-HCNetSDK(Windows32)V5.1.1.3\CH-HCNetSDK(Windows32)V5.1.1.3\Demo示例\2- MFC分功能示例\1- 实时预览&抓图&云台控制\x64\Debug\RealPlay.lib" /MACHINE:X64 x64\Debug\RealPlay.res
         .\Debug\DlgPTZCruise.obj
         .\Debug\PTZButton.obj
         .\Debug\RealPlay.obj
         .\Debug\RealPlayDlg.obj
         .\Debug\StdAfx.obj
     1>DlgPTZCruise.obj : error LNK2019: 无法解析的外部符号 __imp_NET_DVR_PTZCruise，该符号在函数 "public: int __cdecl CDlgPTZCruise::Set_NET_DVR_PTZCruise(int,unsigned long,unsigned char,unsigned char,unsigned short)" (?Set_NET_DVR_PTZCruise@CDlgPTZCruise@@QEAAHHKEEG@Z) 中被引用
     1>RealPlayDlg.obj : error LNK2001: 无法解析的外部符号 __imp_NET_DVR_PTZCruise
     1>DlgPTZCruise.obj : error LNK2019: 无法解析的外部符号 __imp_NET_DVR_PTZCruise_Other，该符号在函数 "public: int __cdecl CDlgPTZCruise::Set_NET_DVR_PTZCruise(int,unsigned long,unsigned char,unsigned char,unsigned short)" (?Set_NET_DVR_PTZCruise@CDlgPTZCruise@@QEAAHHKEEG@Z) 中被引用
     1>RealPlayDlg.obj : error LNK2001: 无法解析的外部符号 __imp_NET_DVR_PTZCruise_Other
     1>PTZButton.obj : error LNK2019: 无法解析的外部符号 __imp_NET_DVR_PTZControl，该符号在函数 "public: void __cdecl CPTZButton::PTZControlAll(long,unsigned long,unsigned long,int)" (?PTZControlAll@CPTZButton@@QEAAXJKKH@Z) 中被引用
     1>RealPlayDlg.obj : error LNK2001: 无法解析的外部符号 __imp_NET_DVR_PTZControl
     1>PTZButton.obj : error LNK2019: 无法解析的外部符号 __imp_NET_DVR_PTZControlWithSpeed，该符号在函数 "public: void __cdecl CPTZButton::PTZControlAll(long,unsigned long,unsigned long,int)" (?PTZControlAll@CPTZButton@@QEAAXJKKH@Z) 中被引用
     1>RealPlayDlg.obj : error LNK2001: 无法解析的外部符号 __imp_NET_DVR_PTZControlWithSpeed
     1>RealPlay.obj : error LNK2019: 无法解析的外部符号 __imp_NET_DVR_Init，该符号在函数 "public: virtual int __cdecl CRealPlayApp::InitInstance(void)" (?InitInstance@CRealPlayApp@@UEAAHXZ) 中被引用
     1>RealPlay.obj : error LNK2019: 无法解析的外部符号 __imp_NET_DVR_Cleanup，该符号在函数 "public: virtual int __cdecl CRealPlayApp::ExitInstance(void)" (?ExitInstance@CRealPlayApp@@UEAAHXZ) 中被引用
     1>RealPlayDlg.obj : error LNK2019: 无法解析的外部符号 __imp_NET_DVR_Login_V30，该符号在函数 "public: int __cdecl CRealPlayDlg::DoLogin(void)" (?DoLogin@CRealPlayDlg@@QEAAHXZ) 中被引用
     1>RealPlayDlg.obj : error LNK2019: 无法解析的外部符号 __imp_NET_DVR_Logout_V30，该符号在函数 "protected: void __cdecl CRealPlayDlg::OnButtonLogin(void)" (?OnButtonLogin@CRealPlayDlg@@IEAAXXZ) 中被引用
     1>RealPlayDlg.obj : error LNK2019: 无法解析的外部符号 __imp_NET_DVR_GetLastError，该符号在函数 "public: void __cdecl CRealPlayDlg::StartPlay(int)" (?StartPlay@CRealPlayDlg@@QEAAXH@Z) 中被引用
     1>RealPlayDlg.obj : error LNK2019: 无法解析的外部符号 __imp_NET_DVR_RealPlay_V30，该符号在函数 "public: void __cdecl CRealPlayDlg::StartPlay(int)" (?StartPlay@CRealPlayDlg@@QEAAXH@Z) 中被引用
     1>RealPlayDlg.obj : error LNK2019: 无法解析的外部符号 __imp_NET_DVR_StopRealPlay，该符号在函数 "public: void __cdecl CRealPlayDlg::StopPlay(void)" (?StopPlay@CRealPlayDlg@@QEAAXXZ) 中被引用
     1>RealPlayDlg.obj : error LNK2019: 无法解析的外部符号 __imp_NET_DVR_SaveRealData，该符号在函数 "public: void __cdecl CRealPlayDlg::StartRecord(void)" (?StartRecord@CRealPlayDlg@@QEAAXXZ) 中被引用
     1>RealPlayDlg.obj : error LNK2019: 无法解析的外部符号 __imp_NET_DVR_StopSaveRealData，该符号在函数 "public: void __cdecl CRealPlayDlg::StopRecord(void)" (?StopRecord@CRealPlayDlg@@QEAAXXZ) 中被引用
     1>RealPlayDlg.obj : error LNK2019: 无法解析的外部符号 __imp_NET_DVR_CapturePicture，该符号在函数 "protected: void __cdecl CRealPlayDlg::OnButtonCapture(void)" (?OnButtonCapture@CRealPlayDlg@@IEAAXXZ) 中被引用
     1>RealPlayDlg.obj : error LNK2019: 无法解析的外部符号 __imp_NET_DVR_PTZControl_Other，该符号在函数 "protected: void __cdecl CRealPlayDlg::OnButtonTrackRun(void)" (?OnButtonTrackRun@CRealPlayDlg@@IEAAXXZ) 中被引用
     1>RealPlayDlg.obj : error LNK2019: 无法解析的外部符号 __imp_NET_DVR_PTZPreset，该符号在函数 "protected: void __cdecl CRealPlayDlg::OnButtonPresetGoto(void)" (?OnButtonPresetGoto@CRealPlayDlg@@IEAAXXZ) 中被引用
     1>RealPlayDlg.obj : error LNK2019: 无法解析的外部符号 __imp_NET_DVR_PTZPreset_Other，该符号在函数 "protected: void __cdecl CRealPlayDlg::OnButtonPresetGoto(void)" (?OnButtonPresetGoto@CRealPlayDlg@@IEAAXXZ) 中被引用
     1>RealPlayDlg.obj : error LNK2019: 无法解析的外部符号 __imp_NET_DVR_PTZTrack，该符号在函数 "protected: void __cdecl CRealPlayDlg::OnButtonTrackRun(void)" (?OnButtonTrackRun@CRealPlayDlg@@IEAAXXZ) 中被引用
     1>RealPlayDlg.obj : error LNK2019: 无法解析的外部符号 __imp_NET_DVR_PTZTrack_Other，该符号在函数 "protected: void __cdecl CRealPlayDlg::OnButtonTrackStart(void)" (?OnButtonTrackStart@CRealPlayDlg@@IEAAXXZ) 中被引用
     1>RealPlayDlg.obj : error LNK2019: 无法解析的外部符号 __imp_NET_DVR_CaptureJPEGPicture，该符号在函数 "protected: void __cdecl CRealPlayDlg::OnButtonCapture(void)" (?OnButtonCapture@CRealPlayDlg@@IEAAXXZ) 中被引用
     1>RealPlayDlg.obj : error LNK2019: 无法解析的外部符号 __imp_NET_DVR_GetDVRConfig，该符号在函数 "public: void __cdecl CRealPlayDlg::GetDecoderCfg(void)" (?GetDecoderCfg@CRealPlayDlg@@QEAAXXZ) 中被引用
     1>bin/RealPlay.exe : fatal error LNK1120: 21 个无法解析的外部命令
     1>已完成生成项目“C:\Users\Administrator\Downloads\CH-HCNetSDK(Windows32)V5.1.1.3\CH-HCNetSDK(Windows32)V5.1.1.3\Demo示例\2- MFC分功能示例\1- 实时预览&抓图&云台控制\RealPlay.vcxproj”(Rebuild 个目标)的操作 - 失败。

生成失败。

已用时间 00:00:03.40
